0 info it worked if it ends with ok
1 verbose cli [ 'C:\\Program Files\\nodejs\\node.exe',
1 verbose cli   'C:\\Program Files\\nodejs\\node_modules\\npm\\bin\\npm-cli.js',
1 verbose cli   'run',
1 verbose cli   'start' ]
2 info using npm@3.3.12
3 info using node@v5.5.0
4 verbose run-script [ 'prestart', 'start', 'poststart' ]
5 info lifecycle test@1.0.0~prestart: test@1.0.0
6 silly lifecycle test@1.0.0~prestart: no script for prestart, continuing
7 info lifecycle test@1.0.0~start: test@1.0.0
8 verbose lifecycle test@1.0.0~start: unsafe-perm in lifecycle true
9 verbose lifecycle test@1.0.0~start: PATH: C:\Program Files\nodejs\node_modules\npm\bin\node-gyp-bin;D:\TestAssignment\node_modules\.bin;C:\Users\Chaosman\AppData\Roaming\npm;C:\Program Files\nodejs\;C:\RailsInstaller\Git\cmd;C:\RailsInstaller\Ruby2.1.0\bin;C:\Program Files\Git\bin;C:\Program Files\Git\cmd;C:\Windows\System32;%SystemRoot%\system32;%SystemRoot%;%SystemRoot%\System32\Wbem;%SYSTEMROOT%\System32\WindowsPowerShell\v1.0\;C:\Users\Chaosman\AppData\Roaming\npm
10 verbose lifecycle test@1.0.0~start: CWD: D:\TestAssignment
11 silly lifecycle test@1.0.0~start: Args: [ '/d /s /c', 'gulp' ]
12 silly lifecycle test@1.0.0~start: Returned: code: 1  signal: null
13 info lifecycle test@1.0.0~start: Failed to exec start script
14 verbose stack Error: test@1.0.0 start: `gulp`
14 verbose stack Exit status 1
14 verbose stack     at EventEmitter.<anonymous> (C:\Program Files\nodejs\node_modules\npm\lib\utils\lifecycle.js:232:16)
14 verbose stack     at emitTwo (events.js:100:13)
14 verbose stack     at EventEmitter.emit (events.js:185:7)
14 verbose stack     at ChildProcess.<anonymous> (C:\Program Files\nodejs\node_modules\npm\lib\utils\spawn.js:24:14)
14 verbose stack     at emitTwo (events.js:100:13)
14 verbose stack     at ChildProcess.emit (events.js:185:7)
14 verbose stack     at maybeClose (internal/child_process.js:821:16)
14 verbose stack     at Process.ChildProcess._handle.onexit (internal/child_process.js:211:5)
15 verbose pkgid test@1.0.0
16 verbose cwd D:\TestAssignment
17 error Windows_NT 10.0.10586
18 error argv "C:\\Program Files\\nodejs\\node.exe" "C:\\Program Files\\nodejs\\node_modules\\npm\\bin\\npm-cli.js" "run" "start"
19 error node v5.5.0
20 error npm  v3.3.12
21 error code ELIFECYCLE
22 error test@1.0.0 start: `gulp`
22 error Exit status 1
23 error Failed at the test@1.0.0 start script 'gulp'.
23 error Make sure you have the latest version of node.js and npm installed.
23 error If you do, this is most likely a problem with the test package,
23 error not with npm itself.
23 error Tell the author that this fails on your system:
23 error     gulp
23 error You can get their info via:
23 error     npm owner ls test
23 error There is likely additional logging output above.
24 verbose exit [ 1, true ]
